[debug] [2021-03-08T01:52:31.808Z] ----------------------------------------------------------------------
[debug] [2021-03-08T01:52:31.810Z] Command:       C:\Program Files\nodejs\node.exe C:\Users\Korisnik\AppData\Roaming\npm\node_modules\firebase-tools\lib\bin\firebase.js init
[debug] [2021-03-08T01:52:31.810Z] CLI Version:   9.2.2
[debug] [2021-03-08T01:52:31.811Z] Platform:      win32
[debug] [2021-03-08T01:52:31.811Z] Node Version:  v14.7.0
[debug] [2021-03-08T01:52:31.811Z] Time:          Mon Mar 08 2021 02:52:31 GMT+0100 (Srednjeevropsko standardno vreme)
[debug] [2021-03-08T01:52:31.811Z] ----------------------------------------------------------------------
[debug] [2021-03-08T01:52:31.812Z] 
[debug] [2021-03-08T01:52:31.814Z] >>> [apiv2][query] GET https://firebase-public.firebaseio.com/cli.json [none]
[debug] [2021-03-08T01:52:31.834Z] > command requires scopes: ["email","openid","https://www.googleapis.com/auth/cloudplatformprojects.readonly","https://www.googleapis.com/auth/firebase","https://www.googleapis.com/auth/cloud-platform"]
[debug] [2021-03-08T01:52:31.835Z] > authorizing via signed-in user
[info] 
     ######## #### ########  ######## ########     ###     ######  ########
     ##        ##  ##     ## ##       ##     ##  ##   ##  ##       ##
     ######    ##  ########  ######   ########  #########  ######  ######
     ##        ##  ##    ##  ##       ##     ## ##     ##       ## ##
     ##       #### ##     ## ######## ########  ##     ##  ######  ########

You're about to initialize a Firebase project in this directory:

  C:\Users\Korisnik\Desktop\web\Projects\GameFinity-Frontend

Before we get started, keep in mind:

  * You are initializing in an existing Firebase project directory

[debug] [2021-03-08T01:52:32.346Z] <<< [apiv2][status] GET https://firebase-public.firebaseio.com/cli.json 200
[debug] [2021-03-08T01:52:32.347Z] <<< [apiv2][body] GET https://firebase-public.firebaseio.com/cli.json {"cloudBuildErrorAfter":1594252800000,"cloudBuildWarnAfter":1590019200000,"defaultNode10After":1594252800000,"minVersion":"3.0.5","node8DeploysDisabledAfter":1613390400000,"node8RuntimeDisabledAfter":1615809600000,"node8WarnAfter":1600128000000}
[info] 
=== Project Setup
[info] 
[info] First, let's associate this project directory with a Firebase project.
[info] You can create multiple project aliases by running firebase use --add, 
[info] but for now we'll just set up a default project.
[info] 
[info] i  .firebaserc already has a default project, using gamefinity-cfa7b. 
[debug] [2021-03-08T01:52:37.157Z] > refreshing access token with scopes: []
[debug] [2021-03-08T01:52:37.157Z] >>> HTTP REQUEST POST https://www.googleapis.com/oauth2/v3/token  
 <request body omitted>
[debug] [2021-03-08T01:52:37.334Z] <<< HTTP RESPONSE 200 {"cache-control":"no-cache, no-store, max-age=0, must-revalidate","pragma":"no-cache","date":"Mon, 08 Mar 2021 01:52:36 GMT","expires":"Mon, 01 Jan 1990 00:00:00 GMT","content-type":"application/json; charset=utf-8","vary":"X-Origin, Referer, Origin,Accept-Encoding","server":"scaffolding on HTTPServer2","x-xss-protection":"0","x-frame-options":"SAMEORIGIN","x-content-type-options":"nosniff","alt-svc":"h3-29=\":443\"; ma=2592000,h3-T051=\":443\"; ma=2592000,h3-Q050=\":443\"; ma=2592000,h3-Q046=\":443\"; ma=2592000,h3-Q043=\":443\"; ma=2592000,quic=\":443\"; ma=2592000; v=\"46,43\"","accept-ranges":"none","transfer-encoding":"chunked"}
[debug] [2021-03-08T01:52:37.352Z] >>> [apiv2][query] GET https://firebase.googleapis.com/v1beta1/projects/gamefinity-cfa7b [none]
[debug] [2021-03-08T01:52:37.615Z] <<< [apiv2][status] GET https://firebase.googleapis.com/v1beta1/projects/gamefinity-cfa7b 200
[debug] [2021-03-08T01:52:37.615Z] <<< [apiv2][body] GET https://firebase.googleapis.com/v1beta1/projects/gamefinity-cfa7b {"projectId":"gamefinity-cfa7b","projectNumber":"249879326714","displayName":"GameFinity","name":"projects/gamefinity-cfa7b","resources":{"hostingSite":"gamefinity-cfa7b"},"state":"ACTIVE"}
[info] 
=== Hosting Setup
[info] 
[info] Your public directory is the folder (relative to your project directory) that
[info] will contain Hosting assets to be uploaded with firebase deploy. If you
[info] have a build process for your assets, use your build's output directory.
[info] 
